# JRE version: OpenJDK Runtime Environment (8.0_212-b04) (build 1.8.0_212-release-1586-b04)
# Java VM: OpenJDK 64-Bit Server VM (25.212-b04 mixed mode windows-amd64 compressed oops)
Heap:
 PSYoungGen      total 233472K, used 140831K [0x00000000e0000000, 0x00000000f0300000, 0x0000000100000000)
  eden space 208384K, 57% used [0x00000000e0000000,0x00000000e74118e0,0x00000000ecb80000)
  from space 25088K, 87% used [0x00000000ee680000,0x00000000efbf6590,0x00000000eff00000)
  to   space 27648K, 0% used [0x00000000ecb80000,0x00000000ecb80000,0x00000000ee680000)
 ParOldGen       total 158208K, used 35528K [0x00000000a0000000, 0x00000000a9a80000, 0x00000000e0000000)
  object space 158208K, 22% used [0x00000000a0000000,0x00000000a22b2018,0x00000000a9a80000)
 Metaspace       used 64920K, capacity 68076K, committed 68312K, reserved 1107968K
  class space    used 8876K, capacity 9699K, committed 9728K, reserved 1048576K
GC Heap History (10 events):
Event: 69.805 GC heap before
{Heap before GC invocations=11 (full 2):
 PSYoungGen      total 163840K, used 149504K [0x00000000e0000000, 0x00000000ece80000, 0x0000000100000000)
  eden space 149504K, 100% used [0x00000000e0000000,0x00000000e9200000,0x00000000e9200000)
  from space 14336K, 0% used [0x00000000ea000000,0x00000000ea000000,0x00000000eae00000)
  to   space 14336K, 0% used [0x00000000e9200000,0x00000000e9200000,0x00000000ea000000)
 ParOldGen       total 104448K, used 16200K [0x00000000a0000000, 0x00000000a6600000, 0x00000000e0000000)
  object space 104448K, 15% used [0x00000000a0000000,0x00000000a0fd2160,0x00000000a6600000)
 Metaspace       used 46539K, capacity 47656K, committed 47832K, reserved 1091584K
  class space    used 6221K, capacity 6557K, committed 6656K, reserved 1048576K
Event: 70.034 GC heap after
Heap after GC invocations=11 (full 2):
 PSYoungGen      total 163840K, used 14307K [0x00000000e0000000, 0x00000000ed100000, 0x0000000100000000)
  eden space 149504K, 0% used [0x00000000e0000000,0x00000000e0000000,0x00000000e9200000)
  from space 14336K, 99% used [0x00000000e9200000,0x00000000e9ff8e40,0x00000000ea000000)
  to   space 17408K, 0% used [0x00000000ec000000,0x00000000ec000000,0x00000000ed100000)
 ParOldGen       total 104448K, used 19414K [0x00000000a0000000, 0x00000000a6600000, 0x00000000e0000000)
  object space 104448K, 18% used [0x00000000a0000000,0x00000000a12f5b50,0x00000000a6600000)
 Metaspace       used 46539K, capacity 47656K, committed 47832K, reserved 1091584K
  class space    used 6221K, capacity 6557K, committed 6656K, reserved 1048576K
}
Event: 84.076 GC heap before
{Heap before GC invocations=12 (full 2):
 PSYoungGen      total 163840K, used 163811K [0x00000000e0000000, 0x00000000ed100000, 0x0000000100000000)
  eden space 149504K, 100% used [0x00000000e0000000,0x00000000e9200000,0x00000000e9200000)
  from space 14336K, 99% used [0x00000000e9200000,0x00000000e9ff8e40,0x00000000ea000000)
  to   space 17408K, 0% used [0x00000000ec000000,0x00000000ec000000,0x00000000ed100000)
 ParOldGen       total 104448K, used 19414K [0x00000000a0000000, 0x00000000a6600000, 0x00000000e0000000)
  object space 104448K, 18% used [0x00000000a0000000,0x00000000a12f5b50,0x00000000a6600000)
 Metaspace       used 55777K, capacity 57552K, committed 57688K, reserved 1099776K
  class space    used 7536K, capacity 8016K, committed 8064K, reserved 1048576K
Event: 84.146 GC heap after
Heap after GC invocations=12 (full 2):
 PSYoungGen      total 191488K, used 17403K [0x00000000e0000000, 0x00000000ed800000, 0x0000000100000000)
  eden space 174080K, 0% used [0x00000000e0000000,0x00000000e0000000,0x00000000eaa00000)
  from space 17408K, 99% used [0x00000000ec000000,0x00000000ed0fedc8,0x00000000ed100000)
  to   space 22528K, 0% used [0x00000000eaa00000,0x00000000eaa00000,0x00000000ec000000)
 ParOldGen       total 104448K, used 26238K [0x00000000a0000000, 0x00000000a6600000, 0x00000000e0000000)
  object space 104448K, 25% used [0x00000000a0000000,0x00000000a199fba8,0x00000000a6600000)
 Metaspace       used 55777K, capacity 57552K, committed 57688K, reserved 1099776K
  class space    used 7536K, capacity 8016K, committed 8064K, reserved 1048576K
}
Event: 87.344 GC heap before
{Heap before GC invocations=13 (full 2):
 PSYoungGen      total 191488K, used 60151K [0x00000000e0000000, 0x00000000ed800000, 0x0000000100000000)
  eden space 174080K, 24% used [0x00000000e0000000,0x00000000e29bef50,0x00000000eaa00000)
  from space 17408K, 99% used [0x00000000ec000000,0x00000000ed0fedc8,0x00000000ed100000)
  to   space 22528K, 0% used [0x00000000eaa00000,0x00000000eaa00000,0x00000000ec000000)
 ParOldGen       total 104448K, used 26238K [0x00000000a0000000, 0x00000000a6600000, 0x00000000e0000000)
  object space 104448K, 25% used [0x00000000a0000000,0x00000000a199fba8,0x00000000a6600000)
 Metaspace       used 56925K, capacity 58812K, committed 58968K, reserved 1099776K
  class space    used 7694K, capacity 8211K, committed 8320K, reserved 1048576K
Event: 87.408 GC heap after
Heap after GC invocations=13 (full 2):
 PSYoungGen      total 196608K, used 20954K [0x00000000e0000000, 0x00000000eff00000, 0x0000000100000000)
  eden space 174080K, 0% used [0x00000000e0000000,0x00000000e0000000,0x00000000eaa00000)
  from space 22528K, 93% used [0x00000000eaa00000,0x00000000ebe768e8,0x00000000ec000000)
  to   space 25088K, 0% used [0x00000000ee680000,0x00000000ee680000,0x00000000eff00000)
 ParOldGen       total 104448K, used 26246K [0x00000000a0000000, 0x00000000a6600000, 0x00000000e0000000)
  object space 104448K, 25% used [0x00000000a0000000,0x00000000a19a1ba8,0x00000000a6600000)
 Metaspace       used 56925K, capacity 58812K, committed 58968K, reserved 1099776K
  class space    used 7694K, capacity 8211K, committed 8320K, reserved 1048576K
}
Event: 87.408 GC heap before
{Heap before GC invocations=14 (full 3):
 PSYoungGen      total 196608K, used 20954K [0x00000000e0000000, 0x00000000eff00000, 0x0000000100000000)
  eden space 174080K, 0% used [0x00000000e0000000,0x00000000e0000000,0x00000000eaa00000)
  from space 22528K, 93% used [0x00000000eaa00000,0x00000000ebe768e8,0x00000000ec000000)
  to   space 25088K, 0% used [0x00000000ee680000,0x00000000ee680000,0x00000000eff00000)
 ParOldGen       total 104448K, used 26246K [0x00000000a0000000, 0x00000000a6600000, 0x00000000e0000000)
  object space 104448K, 25% used [0x00000000a0000000,0x00000000a19a1ba8,0x00000000a6600000)
 Metaspace       used 56925K, capacity 58812K, committed 58968K, reserved 1099776K
  class space    used 7694K, capacity 8211K, committed 8320K, reserved 1048576K
Event: 88.102 GC heap after
Heap after GC invocations=14 (full 3):
 PSYoungGen      total 196608K, used 0K [0x00000000e0000000, 0x00000000eff00000, 0x0000000100000000)
  eden space 174080K, 0% used [0x00000000e0000000,0x00000000e0000000,0x00000000eaa00000)
  from space 22528K, 0% used [0x00000000eaa00000,0x00000000eaa00000,0x00000000ec000000)
  to   space 25088K, 0% used [0x00000000ee680000,0x00000000ee680000,0x00000000eff00000)
 ParOldGen       total 158208K, used 35520K [0x00000000a0000000, 0x00000000a9a80000, 0x00000000e0000000)
  object space 158208K, 22% used [0x00000000a0000000,0x00000000a22b0018,0x00000000a9a80000)
 Metaspace       used 56925K, capacity 58812K, committed 58968K, reserved 1099776K
  class space    used 7694K, capacity 8211K, committed 8320K, reserved 1048576K
}
Event: 110.112 GC heap before
{Heap before GC invocations=15 (full 3):
 PSYoungGen      total 196608K, used 174080K [0x00000000e0000000, 0x00000000eff00000, 0x0000000100000000)
  eden space 174080K, 100% used [0x00000000e0000000,0x00000000eaa00000,0x00000000eaa00000)
  from space 22528K, 0% used [0x00000000eaa00000,0x00000000eaa00000,0x00000000ec000000)
  to   space 25088K, 0% used [0x00000000ee680000,0x00000000ee680000,0x00000000eff00000)
 ParOldGen       total 158208K, used 35520K [0x00000000a0000000, 0x00000000a9a80000, 0x00000000e0000000)
  object space 158208K, 22% used [0x00000000a0000000,0x00000000a22b0018,0x00000000a9a80000)
 Metaspace       used 62372K, capacity 65292K, committed 65368K, reserved 1105920K
  class space    used 8520K, capacity 9321K, committed 9344K, reserved 1048576K
Event: 110.336 GC heap after
Heap after GC invocations=15 (full 3):
 PSYoungGen      total 233472K, used 21977K [0x00000000e0000000, 0x00000000f0300000, 0x0000000100000000)
  eden space 208384K, 0% used [0x00000000e0000000,0x00000000e0000000,0x00000000ecb80000)
  from space 25088K, 87% used [0x00000000ee680000,0x00000000efbf6590,0x00000000eff00000)
  to   space 27648K, 0% used [0x00000000ecb80000,0x00000000ecb80000,0x00000000ee680000)
 ParOldGen       total 158208K, used 35528K [0x00000000a0000000, 0x00000000a9a80000, 0x00000000e0000000)
  object space 158208K, 22% used [0x00000000a0000000,0x00000000a22b2018,0x00000000a9a80000)
 Metaspace       used 62372K, capacity 65292K, committed 65368K, reserved 1105920K
  class space    used 8520K, capacity 9321K, committed 9344K, reserved 1048576K
}

