# JRE version: OpenJDK Runtime Environment (8.0_212-b04) (build 1.8.0_212-release-1586-b04)
# Java VM: OpenJDK 64-Bit Server VM (25.212-b04 mixed mode windows-amd64 compressed oops)
Heap:
 PSYoungGen      total 286208K, used 105232K [0x00000000e0000000, 0x00000000f6500000, 0x0000000100000000)
  eden space 258048K, 30% used [0x00000000e0000000,0x00000000e4c89df8,0x00000000efc00000)
  from space 28160K, 95% used [0x00000000efc00000,0x00000000f163a2b8,0x00000000f1780000)
  to   space 31744K, 0% used [0x00000000f4600000,0x00000000f4600000,0x00000000f6500000)
 ParOldGen       total 119296K, used 64329K [0x00000000a0000000, 0x00000000a7480000, 0x00000000e0000000)
  object space 119296K, 53% used [0x00000000a0000000,0x00000000a3ed24a0,0x00000000a7480000)
 Metaspace       used 75274K, capacity 79212K, committed 79576K, reserved 1118208K
  class space    used 9965K, capacity 10881K, committed 11008K, reserved 1048576K
GC Heap History (10 events):
Event: 37.612 GC heap before
{Heap before GC invocations=14 (full 2):
 PSYoungGen      total 188928K, used 81343K [0x00000000e0000000, 0x00000000ef700000, 0x0000000100000000)
  eden space 173568K, 38% used [0x00000000e0000000,0x00000000e4076f58,0x00000000ea980000)
  from space 15360K, 99% used [0x00000000ea980000,0x00000000eb878f60,0x00000000eb880000)
  to   space 19968K, 0% used [0x00000000ee380000,0x00000000ee380000,0x00000000ef700000)
 ParOldGen       total 78336K, used 26866K [0x00000000a0000000, 0x00000000a4c80000, 0x00000000e0000000)
  object space 78336K, 34% used [0x00000000a0000000,0x00000000a1a3c880,0x00000000a4c80000)
 Metaspace       used 56844K, capacity 58800K, committed 58968K, reserved 1099776K
  class space    used 7690K, capacity 8211K, committed 8320K, reserved 1048576K
Event: 37.699 GC heap after
Heap after GC invocations=14 (full 2):
 PSYoungGen      total 233472K, used 5723K [0x00000000e0000000, 0x00000000f0d80000, 0x0000000100000000)
  eden space 213504K, 0% used [0x00000000e0000000,0x00000000e0000000,0x00000000ed080000)
  from space 19968K, 28% used [0x00000000ee380000,0x00000000ee916cc0,0x00000000ef700000)
  to   space 19456K, 0% used [0x00000000ed080000,0x00000000ed080000,0x00000000ee380000)
 ParOldGen       total 78336K, used 35896K [0x00000000a0000000, 0x00000000a4c80000, 0x00000000e0000000)
  object space 78336K, 45% used [0x00000000a0000000,0x00000000a230e360,0x00000000a4c80000)
 Metaspace       used 56844K, capacity 58800K, committed 58968K, reserved 1099776K
  class space    used 7690K, capacity 8211K, committed 8320K, reserved 1048576K
}
Event: 37.699 GC heap before
{Heap before GC invocations=15 (full 3):
 PSYoungGen      total 233472K, used 5723K [0x00000000e0000000, 0x00000000f0d80000, 0x0000000100000000)
  eden space 213504K, 0% used [0x00000000e0000000,0x00000000e0000000,0x00000000ed080000)
  from space 19968K, 28% used [0x00000000ee380000,0x00000000ee916cc0,0x00000000ef700000)
  to   space 19456K, 0% used [0x00000000ed080000,0x00000000ed080000,0x00000000ee380000)
 ParOldGen       total 78336K, used 35896K [0x00000000a0000000, 0x00000000a4c80000, 0x00000000e0000000)
  object space 78336K, 45% used [0x00000000a0000000,0x00000000a230e360,0x00000000a4c80000)
 Metaspace       used 56844K, capacity 58800K, committed 58968K, reserved 1099776K
  class space    used 7690K, capacity 8211K, committed 8320K, reserved 1048576K
Event: 38.444 GC heap after
Heap after GC invocations=15 (full 3):
 PSYoungGen      total 233472K, used 0K [0x00000000e0000000, 0x00000000f0d80000, 0x0000000100000000)
  eden space 213504K, 0% used [0x00000000e0000000,0x00000000e0000000,0x00000000ed080000)
  from space 19968K, 0% used [0x00000000ee380000,0x00000000ee380000,0x00000000ef700000)
  to   space 19456K, 0% used [0x00000000ed080000,0x00000000ed080000,0x00000000ee380000)
 ParOldGen       total 119296K, used 35664K [0x00000000a0000000, 0x00000000a7480000, 0x00000000e0000000)
  object space 119296K, 29% used [0x00000000a0000000,0x00000000a22d4260,0x00000000a7480000)
 Metaspace       used 56844K, capacity 58800K, committed 58968K, reserved 1099776K
  class space    used 7690K, capacity 8211K, committed 8320K, reserved 1048576K
}
Event: 56.649 GC heap before
{Heap before GC invocations=16 (full 3):
 PSYoungGen      total 233472K, used 213504K [0x00000000e0000000, 0x00000000f0d80000, 0x0000000100000000)
  eden space 213504K, 100% used [0x00000000e0000000,0x00000000ed080000,0x00000000ed080000)
  from space 19968K, 0% used [0x00000000ee380000,0x00000000ee380000,0x00000000ef700000)
  to   space 19456K, 0% used [0x00000000ed080000,0x00000000ed080000,0x00000000ee380000)
 ParOldGen       total 119296K, used 35664K [0x00000000a0000000, 0x00000000a7480000, 0x00000000e0000000)
  object space 119296K, 29% used [0x00000000a0000000,0x00000000a22d4260,0x00000000a7480000)
 Metaspace       used 63613K, capacity 66388K, committed 66520K, reserved 1105920K
  class space    used 8706K, capacity 9467K, committed 9472K, reserved 1048576K
Event: 56.771 GC heap after
Heap after GC invocations=16 (full 3):
 PSYoungGen      total 232960K, used 19441K [0x00000000e0000000, 0x00000000f3700000, 0x0000000100000000)
  eden space 213504K, 0% used [0x00000000e0000000,0x00000000e0000000,0x00000000ed080000)
  from space 19456K, 99% used [0x00000000ed080000,0x00000000ee37c4b0,0x00000000ee380000)
  to   space 26112K, 0% used [0x00000000f1d80000,0x00000000f1d80000,0x00000000f3700000)
 ParOldGen       total 119296K, used 45260K [0x00000000a0000000, 0x00000000a7480000, 0x00000000e0000000)
  object space 119296K, 37% used [0x00000000a0000000,0x00000000a2c333e0,0x00000000a7480000)
 Metaspace       used 63613K, capacity 66388K, committed 66520K, reserved 1105920K
  class space    used 8706K, capacity 9467K, committed 9472K, reserved 1048576K
}
Event: 152.503 GC heap before
{Heap before GC invocations=17 (full 3):
 PSYoungGen      total 232960K, used 231219K [0x00000000e0000000, 0x00000000f3700000, 0x0000000100000000)
  eden space 213504K, 99% used [0x00000000e0000000,0x00000000eced0838,0x00000000ed080000)
  from space 19456K, 99% used [0x00000000ed080000,0x00000000ee37c4b0,0x00000000ee380000)
  to   space 26112K, 0% used [0x00000000f1d80000,0x00000000f1d80000,0x00000000f3700000)
 ParOldGen       total 119296K, used 45260K [0x00000000a0000000, 0x00000000a7480000, 0x00000000e0000000)
  object space 119296K, 37% used [0x00000000a0000000,0x00000000a2c333e0,0x00000000a7480000)
 Metaspace       used 70718K, capacity 74088K, committed 74200K, reserved 1114112K
  class space    used 9615K, capacity 10453K, committed 10496K, reserved 1048576K
Event: 152.569 GC heap after
Heap after GC invocations=17 (full 3):
 PSYoungGen      total 280064K, used 20931K [0x00000000e0000000, 0x00000000f3300000, 0x0000000100000000)
  eden space 258048K, 0% used [0x00000000e0000000,0x00000000e0000000,0x00000000efc00000)
  from space 22016K, 95% used [0x00000000f1d80000,0x00000000f31f0f70,0x00000000f3300000)
  to   space 28160K, 0% used [0x00000000efc00000,0x00000000efc00000,0x00000000f1780000)
 ParOldGen       total 119296K, used 64321K [0x00000000a0000000, 0x00000000a7480000, 0x00000000e0000000)
  object space 119296K, 53% used [0x00000000a0000000,0x00000000a3ed04a0,0x00000000a7480000)
 Metaspace       used 70718K, capacity 74088K, committed 74200K, reserved 1114112K
  class space    used 9615K, capacity 10453K, committed 10496K, reserved 1048576K
}
Event: 1957.635 GC heap before
{Heap before GC invocations=18 (full 3):
 PSYoungGen      total 280064K, used 278979K [0x00000000e0000000, 0x00000000f3300000, 0x0000000100000000)
  eden space 258048K, 100% used [0x00000000e0000000,0x00000000efc00000,0x00000000efc00000)
  from space 22016K, 95% used [0x00000000f1d80000,0x00000000f31f0f70,0x00000000f3300000)
  to   space 28160K, 0% used [0x00000000efc00000,0x00000000efc00000,0x00000000f1780000)
 ParOldGen       total 119296K, used 64321K [0x00000000a0000000, 0x00000000a7480000, 0x00000000e0000000)
  object space 119296K, 53% used [0x00000000a0000000,0x00000000a3ed04a0,0x00000000a7480000)
 Metaspace       used 75076K, capacity 78822K, committed 78936K, reserved 1118208K
  class space    used 9942K, capacity 10838K, committed 10880K, reserved 1048576K
Event: 1957.718 GC heap after
Heap after GC invocations=18 (full 3):
 PSYoungGen      total 286208K, used 26856K [0x00000000e0000000, 0x00000000f6500000, 0x0000000100000000)
  eden space 258048K, 0% used [0x00000000e0000000,0x00000000e0000000,0x00000000efc00000)
  from space 28160K, 95% used [0x00000000efc00000,0x00000000f163a2b8,0x00000000f1780000)
  to   space 31744K, 0% used [0x00000000f4600000,0x00000000f4600000,0x00000000f6500000)
 ParOldGen       total 119296K, used 64329K [0x00000000a0000000, 0x00000000a7480000, 0x00000000e0000000)
  object space 119296K, 53% used [0x00000000a0000000,0x00000000a3ed24a0,0x00000000a7480000)
 Metaspace       used 75076K, capacity 78822K, committed 78936K, reserved 1118208K
  class space    used 9942K, capacity 10838K, committed 10880K, reserved 1048576K
}

